Jun 03, 2014 11:35:36 AM xsdvi.XsdVi main
INFO: The style will be embodied
Jun 03, 2014 11:35:36 AM xsdvi.XsdVi main
INFO: Parsing ../../PhiS/source/main/resources/phisSchema.xsd...
Jun 03, 2014 11:35:36 AM xsdvi.XsdVi main
INFO: Processing XML Schema model...
Jun 03, 2014 11:35:36 AM xsdvi.XsdVi main
INFO: Drawing SVG phisSchema.svg...
Jun 03, 2014 11:35:36 AM xsdvi.XsdVi main
INFO: Done.
Jun 04, 2014 12:24:29 PM xsdvi.XsdVi main
INFO: The style will be embodied
Jun 04, 2014 12:24:29 PM xsdvi.XsdVi main
INFO: Parsing ../../PhiS/source/main/resources/phisSchema.xsd...
Jun 04, 2014 12:24:30 PM xsdvi.XsdVi main
INFO: Processing XML Schema model...
Jun 04, 2014 12:24:30 PM xsdvi.XsdVi main
INFO: Drawing SVG phisSchema.svg...
Jun 04, 2014 12:24:30 PM xsdvi.XsdVi main
INFO: Done.
Jun 05, 2014 10:54:30 AM xsdvi.XsdVi main
INFO: The style will be embodied
Jun 05, 2014 10:54:30 AM xsdvi.XsdVi main
INFO: Parsing ../../PhiS/source/main/resources/phisSchema.xsd...
Jun 05, 2014 10:54:30 AM xsdvi.XsdVi main
INFO: Processing XML Schema model...
Jun 05, 2014 10:54:30 AM xsdvi.XsdVi main
INFO: Drawing SVG phisSchema.svg...
Jun 05, 2014 10:54:30 AM xsdvi.XsdVi main
INFO: Done.
Jun 09, 2014 1:22:09 PM xsdvi.XsdVi main
INFO: The style will be embodied
Jun 09, 2014 1:22:09 PM xsdvi.XsdVi main
INFO: Parsing ../../PhIS/source/main/resources/phisSchema.xsd...
Jun 09, 2014 1:22:09 PM xsdvi.XsdVi main
INFO: Processing XML Schema model...
Jun 09, 2014 1:22:09 PM xsdvi.XsdVi main
INFO: Drawing SVG phisSchema.svg...
Jun 09, 2014 1:22:09 PM xsdvi.XsdVi main
INFO: Done.
Jun 09, 2014 1:25:55 PM xsdvi.XsdVi main
INFO: The style will be embodied
Jun 09, 2014 1:25:55 PM xsdvi.XsdVi main
INFO: Parsing ../../PhIS/source/main/resources/phisSchema.xsd...
Jun 09, 2014 1:25:55 PM xsdvi.XsdVi main
INFO: Processing XML Schema model...
Jun 09, 2014 1:25:55 PM xsdvi.XsdVi main
INFO: Drawing SVG phisSchema.svg...
Jun 09, 2014 1:25:55 PM xsdvi.XsdVi main
INFO: Done.
Jun 11, 2014 12:07:08 PM xsdvi.XsdVi main
INFO: The style will be embodied
Jun 11, 2014 12:07:08 PM xsdvi.XsdVi main
INFO: Parsing ../../PhIS/source/main/resources/phisSchema.xsd...
Jun 11, 2014 12:07:08 PM xsdvi.XsdVi main
INFO: Processing XML Schema model...
Jun 11, 2014 12:07:08 PM xsdvi.XsdVi main
INFO: Drawing SVG phisSchema.svg...
Jun 11, 2014 12:07:09 PM xsdvi.XsdVi main
INFO: Done.
Jun 11, 2014 12:07:28 PM xsdvi.XsdVi main
INFO: The style will be embodied
Jun 11, 2014 12:07:28 PM xsdvi.XsdVi main
INFO: Parsing ../../PhIS/source/main/resources/phisSchema.xsd...
Jun 11, 2014 12:07:28 PM xsdvi.XsdVi main
INFO: Processing XML Schema model...
Jun 11, 2014 12:07:28 PM xsdvi.XsdVi main
INFO: Drawing SVG phisSchema.svg...
Jun 11, 2014 12:07:28 PM xsdvi.XsdVi main
INFO: Done.
Jun 11, 2014 12:18:22 PM xsdvi.XsdVi main
INFO: The style will be embodied
Jun 11, 2014 12:18:22 PM xsdvi.XsdVi main
INFO: Parsing ../../PhIS/source/main/resources/phisSchema.xsd...
Jun 11, 2014 12:18:22 PM xsdvi.XsdVi main
INFO: Processing XML Schema model...
Jun 11, 2014 12:18:22 PM xsdvi.XsdVi main
INFO: Drawing SVG phisSchema.svg...
Jun 11, 2014 12:18:22 PM xsdvi.XsdVi main
INFO: Done.
Jun 26, 2014 2:07:43 PM xsdvi.XsdVi main
INFO: The style will be embodied
Jun 26, 2014 2:07:43 PM xsdvi.XsdVi main
INFO: Parsing ../../PhIS/source/main/resources/phisSchema.xsd...
Jun 26, 2014 2:07:44 PM xsdvi.XsdVi main
INFO: Processing XML Schema model...
Jun 26, 2014 2:07:44 PM xsdvi.XsdVi main
INFO: Drawing SVG phisSchema.svg...
Jun 26, 2014 2:07:44 PM xsdvi.XsdVi main
INFO: Done.
Jul 11, 2014 2:28:41 PM xsdvi.XsdVi main
INFO: The style will be embodied
Jul 11, 2014 2:28:41 PM xsdvi.XsdVi main
INFO: Parsing ../../PhIS/source/main/resources/phisSchema.xsd...
Jul 11, 2014 2:28:41 PM xsdvi.XsdVi main
INFO: Processing XML Schema model...
Jul 11, 2014 2:28:41 PM xsdvi.XsdVi main
INFO: Drawing SVG phisSchema.svg...
Jul 11, 2014 2:28:41 PM xsdvi.XsdVi main
INFO: Done.
Jul 24, 2014 1:34:55 PM xsdvi.XsdVi main
INFO: The style will be embodied
Jul 24, 2014 1:34:55 PM xsdvi.XsdVi main
INFO: Parsing ../../PhIS/source/main/resources/phisSchema.xsd...
Jul 24, 2014 1:34:55 PM xsdvi.XsdVi main
INFO: Processing XML Schema model...
Jul 24, 2014 1:34:55 PM xsdvi.XsdVi main
INFO: Drawing SVG phisSchema.svg...
Jul 24, 2014 1:34:55 PM xsdvi.XsdVi main
INFO: Done.
Jul 24, 2014 1:41:14 PM xsdvi.XsdVi main
INFO: The style will be embodied
Jul 24, 2014 1:41:14 PM xsdvi.XsdVi main
INFO: Parsing ../../PhIS/source/main/resources/phisSchema.xsd...
Jul 24, 2014 1:41:14 PM xsdvi.XsdVi main
INFO: Processing XML Schema model...
Jul 24, 2014 1:41:14 PM xsdvi.XsdVi main
INFO: Drawing SVG phisSchema.svg...
Jul 24, 2014 1:41:15 PM xsdvi.XsdVi main
INFO: Done.
Sep 01, 2014 3:18:50 PM xsdvi.XsdVi main
INFO: The style will be embodied
Sep 01, 2014 3:18:50 PM xsdvi.XsdVi main
INFO: Parsing ../../PhIS/source/main/resources/phisSchema.xsd...
Sep 01, 2014 3:18:50 PM xsdvi.XsdVi main
INFO: Processing XML Schema model...
Sep 01, 2014 3:18:50 PM xsdvi.XsdVi main
INFO: Drawing SVG phisSchema.svg...
Sep 01, 2014 3:18:50 PM xsdvi.XsdVi main
INFO: Done.
Sep 11, 2014 11:11:30 AM xsdvi.XsdVi main
INFO: The style will be embodied
Sep 11, 2014 11:11:30 AM xsdvi.XsdVi main
INFO: Parsing ../../PhIS/source/main/resources/phisSchema.xsd...
Sep 11, 2014 11:11:30 AM xsdvi.XsdVi main
INFO: Processing XML Schema model...
Sep 11, 2014 11:11:30 AM xsdvi.XsdVi main
INFO: Drawing SVG phisSchema.svg...
Sep 11, 2014 11:11:30 AM xsdvi.XsdVi main
INFO: Done.
Sep 17, 2014 4:49:39 PM xsdvi.XsdVi main
INFO: The style will be embodied
Sep 17, 2014 4:49:39 PM xsdvi.XsdVi main
INFO: Parsing ../../PhIS/source/main/resources/phisSchema.xsd...
Sep 17, 2014 4:49:40 PM xsdvi.XsdVi main
INFO: Processing XML Schema model...
Sep 17, 2014 4:49:40 PM xsdvi.XsdVi main
INFO: Drawing SVG phisSchema.svg...
Sep 17, 2014 4:49:40 PM xsdvi.XsdVi main
INFO: Done.
Sep 18, 2014 1:21:04 PM xsdvi.XsdVi main
INFO: The style will be embodied
Sep 18, 2014 1:21:04 PM xsdvi.XsdVi main
INFO: Parsing ../../PhIS/source/main/resources/phisSchema.xsd...
Sep 18, 2014 1:21:05 PM xsdvi.XsdVi main
INFO: Processing XML Schema model...
Sep 18, 2014 1:21:05 PM xsdvi.XsdVi main
INFO: Drawing SVG phisSchema.svg...
Sep 18, 2014 1:21:05 PM xsdvi.XsdVi main
INFO: Done.
Sep 26, 2014 12:13:25 PM xsdvi.XsdVi main
INFO: The style will be embodied
Sep 26, 2014 12:13:25 PM xsdvi.XsdVi main
INFO: Parsing ../../PhIS/source/main/resources/phisSchema.xsd...
Sep 26, 2014 12:13:25 PM xsdvi.XsdVi main
INFO: Processing XML Schema model...
Sep 26, 2014 12:13:25 PM xsdvi.XsdVi main
INFO: Drawing SVG phisSchema.svg...
Sep 26, 2014 12:13:25 PM xsdvi.XsdVi main
INFO: Done.
Nov 14, 2014 8:35:39 AM xsdvi.XsdVi main
INFO: The style will be embodied
Nov 14, 2014 8:35:39 AM xsdvi.XsdVi main
INFO: Parsing ../../PhIS/source/main/resources/phisSchema.xsd...
Nov 14, 2014 8:35:39 AM xsdvi.XsdVi main
INFO: Processing XML Schema model...
Nov 14, 2014 8:35:39 AM xsdvi.XsdVi main
INFO: Drawing SVG phisSchema.svg...
Nov 14, 2014 8:35:39 AM xsdvi.XsdVi main
INFO: Done.
